{"/Users/ryanhunter/projects/defi/initiated_finance/src/components/VaultHistory.js": {"path":"/Users/ryanhunter/projects/defi/initiated_finance/src/components/VaultHistory.js","statementMap":{"0":{"start":{"line":3,"column":21},"end":{"line":9,"column":1}},"1":{"start":{"line":4,"column":2},"end":{"line":8,"column":4}}},"fnMap":{"0":{"name":"(anonymous_0)","decl":{"start":{"line":3,"column":21},"end":{"line":3,"column":22}},"loc":{"start":{"line":3,"column":27},"end":{"line":9,"column":1}},"line":3}},"branchMap":{},"s":{"0":1,"1":1},"f":{"0":1},"b":{},"_coverageSchema":"1a1c01bbd47fc00a2c39e90264f33305004495a9","hash":"03007fe2c7c1f6e4d3d4ac1ba7efd602ef10425d"}
}
